Version Info: ### PLEASE UPGRADE SALMON ###
### A newer version of salmon with bug fixes is available. ####
###
The newest version, available at https://github.com/COMBINE-lab/salmon/releases
contains new features, improvements, and bug fixes; please upgrade at your
earliest convenience.
###
Sign up for the salmon mailing list to hear about new versions, features and updates at:
https://oceangenomics.com/subscribe
###
index ["index"] did not previously exist  . . . creating it
[2023-03-02 13:12:13.515] [jLog] [info] building index
[2023-03-02 13:12:13.515] [jointLog] [info] [Step 1 of 4] : counting k-mers
Elapsed time: 0.00378955s

[2023-03-02 13:12:13.519] [jointLog] [info] Replaced 0 non-ATCG nucleotides
[2023-03-02 13:12:13.519] [jointLog] [info] Clipped poly-A tails from 0 transcripts
[2023-03-02 13:12:13.519] [jointLog] [info] Building rank-select dictionary and saving to disk
[2023-03-02 13:12:13.520] [jointLog] [info] done
Elapsed time: 0.000416966s
[2023-03-02 13:12:13.520] [jointLog] [info] Writing sequence data to file . . . 
[2023-03-02 13:12:13.520] [jointLog] [info] done
Elapsed time: 6.6054e-05s
[2023-03-02 13:12:13.520] [jointLog] [info] Building 32-bit suffix array (length of generalized text is 171,002)
[2023-03-02 13:12:13.520] [jointLog] [info] Building suffix array . . . 
success
saving to disk . . . done
Elapsed time: 0.00181023s
done
Elapsed time: 0.400665s
processed 0 positions[2023-03-02 13:12:13.951] [jointLog] [info] khash had 170,953 keys
[2023-03-02 13:12:13.951] [jointLog] [info] saving hash to disk . . . 
[2023-03-02 13:12:13.959] [jointLog] [info] done
Elapsed time: 0.00785162s
[2023-03-02 13:12:13.959] [jLog] [info] done building index
