[2023-03-02 13:17:27,526] multiqc                                            [DEBUG  ]  This is MultiQC v1.14
[2023-03-02 13:17:27,526] multiqc                                            [DEBUG  ]  Command used: /opt/conda/bin/multiqc .
[2023-03-02 13:17:28,884] multiqc                                            [DEBUG  ]  Latest MultiQC version is v1.14
[2023-03-02 13:17:28,885] multiqc                                            [DEBUG  ]  Working dir : /home/user/work/foss23reptut/nf_foss_tut/work/1f/02ea63c44ea371b6045fd4d27d19c7
[2023-03-02 13:17:28,885] multiqc                                            [DEBUG  ]  Template    : default
[2023-03-02 13:17:28,885] multiqc                                            [DEBUG  ]  Running Python 3.9.12 (main, Apr  5 2022, 06:56:58)  [GCC 7.5.0]
[2023-03-02 13:17:28,885] multiqc                                            [DEBUG  ]  Analysing modules: custom_content, ccs, ngsderive, purple, conpair, lima, peddy, somalier, methylQA, mosdepth, phantompeakqualtools, qualimap, preseq, hifiasm, quast, qorts, rna_seqc, rockhopper, rsem, rseqc, busco, bustools, goleft_indexcov, gffcompare, disambiguate, supernova, deeptools, sargasso, verifybamid, mirtrace, happy, mirtop, sambamba, gopeaks, homer, hops, macs2, theta2, snpeff, gatk, htseq, bcftools, featureCounts, fgbio, dragen, dragen_fastqc, dedup, pbmarkdup, damageprofiler, biobambam2, jcvi, mtnucratio, picard, vep, sentieon, prokka, qc3C, nanostat, samblaster, samtools, sexdeterrmine, eigenstratdatabasetools, bamtools, jellyfish, vcftools, longranger, stacks, varscan2, snippy, umitools, bbmap, bismark, biscuit, diamond, hicexplorer, hicup, hicpro, salmon, kallisto, slamdunk, star, hisat2, tophat, bowtie2, bowtie1, cellranger, snpsplit, odgi, pangolin, nextclade, humid, kat, leehom, adapterRemoval, bbduk, clipandmerge, cutadapt, flexbar, kaiju, kraken, malt, motus, trimmomatic, sickle, skewer, sortmerna, biobloomtools, fastq_screen, afterqc, fastp, fastqc, filtlong, prinseqplusplus, pychopper, porechop, pycoqc, minionqc, anglerfish, multivcfanalyzer, clusterflow, checkqc, bcl2fastq, bclconvert, interop, ivar, flash, seqyclean, optitype, whatshap
[2023-03-02 13:17:28,885] multiqc                                            [DEBUG  ]  Using temporary directory for creating report: /tmp/tmpr0q2x9cm
[2023-03-02 13:17:29,059] multiqc                                            [INFO   ]  Search path : /home/user/work/foss23reptut/nf_foss_tut/work/1f/02ea63c44ea371b6045fd4d27d19c7
[2023-03-02 13:17:29,471] multiqc                                            [DEBUG  ]  Summary of files that were skipped by the search: [skipped_module_specific_max_filesize: 84] // [skipped_no_match: 39]
[2023-03-02 13:17:30,262] multiqc.plots.bargraph                             [DEBUG  ]  Using matplotlib version 3.7.0
[2023-03-02 13:17:30,262] multiqc.plots.linegraph                            [DEBUG  ]  Using matplotlib version 3.7.0
[2023-03-02 13:17:30,263] multiqc                                            [DEBUG  ]  No samples found: custom_content
[2023-03-02 13:17:30,267] multiqc.modules.salmon.salmon                      [INFO   ]  Found 3 meta reports
[2023-03-02 13:17:30,267] multiqc.modules.salmon.salmon                      [INFO   ]  Found 3 fragment length distributions
[2023-03-02 13:17:30,291] multiqc.modules.fastqc.fastqc                      [INFO   ]  Found 6 reports
[2023-03-02 13:17:30,354] multiqc                                            [INFO   ]  Compressing plot data
[2023-03-02 13:17:30,445] multiqc                                            [INFO   ]  Report      : multiqc_report.html
[2023-03-02 13:17:30,445] multiqc                                            [INFO   ]  Data        : multiqc_data
[2023-03-02 13:17:30,445] multiqc                                            [DEBUG  ]  Moving data file from '/tmp/tmpr0q2x9cm/multiqc_data' to '/home/user/work/foss23reptut/nf_foss_tut/work/1f/02ea63c44ea371b6045fd4d27d19c7/multiqc_data'
[2023-03-02 13:17:30,506] multiqc                                            [INFO   ]  MultiQC complete
